  Decompression.cpp
  Huffy.cpp
C:\Users\Noura\OneDrive\Desktop\FINALHUFFKARIM\Huffy New\Huffy\Huffy\Decompression.cpp(74,26): warning C4267: '+=': conversion from 'size_t' to 'long', possible loss of data
C:\Users\Noura\OneDrive\Desktop\FINALHUFFKARIM\Huffy New\Huffy\Huffy\Huffy.cpp(91,9): warning C4996: 'strcpy': This function or variable may be unsafe. Consider using strcpy_s instead. To disable deprecation, use _CRT_SECURE_NO_WARNINGS. See online help for details.
  Huffy_main.cpp
C:\Users\Noura\OneDrive\Desktop\FINALHUFFKARIM\Huffy New\Huffy\Huffy\Huffy_main.cpp(24,13): warning C4996: 'strncpy': This function or variable may be unsafe. Consider using strncpy_s instead. To disable deprecation, use _CRT_SECURE_NO_WARNINGS. See online help for details.
C:\Users\Noura\OneDrive\Desktop\FINALHUFFKARIM\Huffy New\Huffy\Huffy\Huffy_main.cpp(25,13): warning C4996: 'strncpy': This function or variable may be unsafe. Consider using strncpy_s instead. To disable deprecation, use _CRT_SECURE_NO_WARNINGS. See online help for details.
C:\Users\Noura\OneDrive\Desktop\FINALHUFFKARIM\Huffy New\Huffy\Huffy\Huffy_main.cpp(30,13): warning C4996: 'strncpy': This function or variable may be unsafe. Consider using strncpy_s instead. To disable deprecation, use _CRT_SECURE_NO_WARNINGS. See online help for details.
C:\Users\Noura\OneDrive\Desktop\FINALHUFFKARIM\Huffy New\Huffy\Huffy\Huffy_main.cpp(31,13): warning C4996: 'strncpy': This function or variable may be unsafe. Consider using strncpy_s instead. To disable deprecation, use _CRT_SECURE_NO_WARNINGS. See online help for details.
C:\Users\Noura\OneDrive\Desktop\FINALHUFFKARIM\Huffy New\Huffy\Huffy\Huffy_main.cpp(59,19): warning C4996: 'fopen': This function or variable may be unsafe. Consider using fopen_s instead. To disable deprecation, use _CRT_SECURE_NO_WARNINGS. See online help for details.
C:\Users\Noura\OneDrive\Desktop\FINALHUFFKARIM\Huffy New\Huffy\Huffy\Huffy_main.cpp(70,24): warning C4996: 'fopen': This function or variable may be unsafe. Consider using fopen_s instead. To disable deprecation, use _CRT_SECURE_NO_WARNINGS. See online help for details.
C:\Users\Noura\OneDrive\Desktop\FINALHUFFKARIM\Huffy New\Huffy\Huffy\Huffy_main.cpp(96,13): warning C4996: 'strncpy': This function or variable may be unsafe. Consider using strncpy_s instead. To disable deprecation, use _CRT_SECURE_NO_WARNINGS. See online help for details.
C:\Users\Noura\OneDrive\Desktop\FINALHUFFKARIM\Huffy New\Huffy\Huffy\Huffy_main.cpp(105,24): warning C4996: 'fopen': This function or variable may be unsafe. Consider using fopen_s instead. To disable deprecation, use _CRT_SECURE_NO_WARNINGS. See online help for details.
  priority_queue.cpp
  Compression.cpp
C:\Users\Noura\OneDrive\Desktop\FINALHUFFKARIM\Huffy New\Huffy\Huffy\Compression.cpp(63,22): warning C4267: '+=': conversion from 'size_t' to 'long', possible loss of data
C:\Users\Noura\OneDrive\Desktop\FINALHUFFKARIM\Huffy New\Huffy\Huffy\Compression.cpp(110,44): warning C4267: 'argument': conversion from 'size_t' to 'long', possible loss of data
  Generating code
  Previous IPDB was built with incompatible compiler, fall back to full compilation.
  All 19 functions were compiled because no usable IPDB/IOBJ from previous compilation was found.
  Finished generating code
  Huffy.vcxproj -> C:\Users\Noura\OneDrive\Desktop\FINALHUFFKARIM\Huffy New\Huffy\x64\Release\Huffy.exe
  'pwsh.exe' is not recognized as an internal or external command,
  operable program or batch file.
